#00 CoreText.ctor(0xd5b5c)
#00 Proximity.ctor(0x6c9c)
#01 Proximity.ctor(0x2d5e4)
#00 CoreML.ctor(0x32c0a4)
#00 Montreal.ctor(0xd5288)
#01 Montreal.ctor(0xd52dc)
#02 Montreal.ctor(0xd5330)
#03 Montreal.ctor(0xd5384)
#04 Montreal.ctor(0xd53d8)
#05 Montreal.ctor(0xd542c)
#06 Montreal.ctor(0xd5480)
#07 Montreal.ctor(0xd54d4)
#08 Montreal.ctor(0xd5528)
#09 Montreal.ctor(0xd557c)
#10 Montreal.ctor(0xd55d0)
#11 Montreal.ctor(0xd5624)
#12 Montreal.ctor(0xd5678)
#13 Montreal.ctor(0xd56cc)
#14 Montreal.ctor(0xd5720)
#15 Montreal.ctor(0xd5774)
#16 Montreal.ctor(0xd57c8)
#17 Montreal.ctor(0xd581c)
#00 CVNLP.ctor(0x1e68)
#01 CVNLP.ctor(0xeb74)
#02 CVNLP.ctor(0x1fdfc)
#03 CVNLP.ctor(0x20360)
#04 CVNLP.ctor(0x29c98)
#05 CVNLP.ctor(0x2d2d4)
#06 CVNLP.ctor(0x33794)
#07 CVNLP.ctor(0x3c4b8)
#08 CVNLP.ctor(0x3deb8)
#09 CVNLP.ctor(0x57da4)
#00 Vision.ctor(0x213b08)
#01 Vision.ctor(0x213b44)
#00 libprotobuf-lite.dylib.ctor(0xecb4)
#00 libprotobuf.dylib.ctor(0x26978)
#01 libprotobuf.dylib.ctor(0x4bd84)
#00 libAWDSupport.dylib.ctor(0x281f0)
#01 libAWDSupport.dylib.ctor(0x2b73c)
#02 libAWDSupport.dylib.ctor(0x2fa10)
#00 WirelessDiagnostics.ctor(0x11ed0)
#01 WirelessDiagnostics.ctor(0x14b00)
#02 WirelessDiagnostics.ctor(0x1681c)
#03 WirelessDiagnostics.ctor(0x2ae5c)
#04 WirelessDiagnostics.ctor(0x3bae0)
#00 libmecabra.dylib.ctor(0x3d668)
#00 SiriTTS.ctor(0x2999a0)
#01 SiriTTS.ctor(0x4b8d54)
#02 SiriTTS.ctor(0x4b9ff4)
#00 EmbeddedAcousticRecognition.ctor(0x666b30)
#01 EmbeddedAcousticRecognition.ctor(0x668cac)
#00 iAdCore.ctor(0x17a7a4)
#01 iAdCore.ctor(0x17a7a8)
#02 iAdCore.ctor(0x17a9c4)
#03 iAdCore.ctor(0x17aa60)
#04 iAdCore.ctor(0x17aa64)
#00 pokemongo.ctor(0x7d2c)
#00 infinitam.ctor(0x17b58)
#01 infinitam.ctor(0x2f110)
#02 infinitam.ctor(0x55c20)
#03 infinitam.ctor(0x5d2e0)
#04 infinitam.ctor(0x7f404)
#05 infinitam.ctor(0x80b88)
#06 infinitam.ctor(0x84354)
#07 infinitam.ctor(0x857a0)
#08 infinitam.ctor(0x87364)
#09 infinitam.ctor(0x87998)
#10 infinitam.ctor(0x8dd5c)
#00 NianticLabsPlugin.ctor(0x3f9834)
#01 NianticLabsPlugin.ctor(0x3c21b0)
#02 NianticLabsPlugin.ctor(0x52cfc4)
#03 NianticLabsPlugin.ctor(0x4f05bc)
#04 NianticLabsPlugin.ctor(0x262094)
#05 NianticLabsPlugin.ctor(0x67aeac)
#06 NianticLabsPlugin.ctor(0x5093a0)
#07 NianticLabsPlugin.ctor(0x51dac8)
#08 NianticLabsPlugin.ctor(0x66f234)
#09 NianticLabsPlugin.ctor(0x4398ac)
#10 NianticLabsPlugin.ctor(0x7305c0)
#11 NianticLabsPlugin.ctor(0x27420)
#12 NianticLabsPlugin.ctor(0x7a8a24)
#13 NianticLabsPlugin.ctor(0x32614c)
#14 NianticLabsPlugin.ctor(0x2f6ccc)
#15 NianticLabsPlugin.ctor(0x4369e0)
#16 NianticLabsPlugin.ctor(0xe0d8)
#17 NianticLabsPlugin.ctor(0x26bd5c)
#18 NianticLabsPlugin.ctor(0x449b84)
#19 NianticLabsPlugin.ctor(0x731b90)
#20 NianticLabsPlugin.ctor(0x359194)
#21 NianticLabsPlugin.ctor(0x4e5d70)
#22 NianticLabsPlugin.ctor(0x7d6378)
#23 NianticLabsPlugin.ctor(0x7d5da0)
#24 NianticLabsPlugin.ctor(0x7d4030)
#25 NianticLabsPlugin.ctor(0x7d5088)
#26 NianticLabsPlugin.ctor(0x7d4f74)
#27 NianticLabsPlugin.ctor(0x7d4b24)
#28 NianticLabsPlugin.ctor(0x7d6004)
#29 NianticLabsPlugin.ctor(0x7d5128)
#30 NianticLabsPlugin.ctor(0x7d688c)
#31 NianticLabsPlugin.ctor(0x7d455c)
#32 NianticLabsPlugin.ctor(0x7d59ac)
#33 NianticLabsPlugin.ctor(0x7d4ee4)
#34 NianticLabsPlugin.ctor(0x7d53dc)
#35 NianticLabsPlugin.ctor(0x7d5230)
#36 NianticLabsPlugin.ctor(0x7d56c8)
#37 NianticLabsPlugin.ctor(0x7d697c)
#38 NianticLabsPlugin.ctor(0x7d5388)
#39 NianticLabsPlugin.ctor(0x7d6938)
#40 NianticLabsPlugin.ctor(0x7d45c4)
#41 NianticLabsPlugin.ctor(0x7d6a48)
#42 NianticLabsPlugin.ctor(0x7d551c)
#43 NianticLabsPlugin.ctor(0x7d5634)
#44 NianticLabsPlugin.ctor(0x7d5a58)
#45 NianticLabsPlugin.ctor(0x7d6768)
#46 NianticLabsPlugin.ctor(0x7d4e78)
#47 NianticLabsPlugin.ctor(0x7d4cd8)
#48 NianticLabsPlugin.ctor(0x7d6334)
#49 NianticLabsPlugin.ctor(0x7d5bf8)
#50 NianticLabsPlugin.ctor(0x7d53c0)
#51 NianticLabsPlugin.ctor(0x7d4334)
#52 NianticLabsPlugin.ctor(0x7d67b8)
#53 NianticLabsPlugin.ctor(0x7d4ff8)
#54 NianticLabsPlugin.ctor(0x7d58a0)
#55 NianticLabsPlugin.ctor(0x7d51b8)
#56 NianticLabsPlugin.ctor(0x7d50f0)
#57 NianticLabsPlugin.ctor(0x7d629c)
#58 NianticLabsPlugin.ctor(0x7d5cbc)
#59 NianticLabsPlugin.ctor(0x7d6a04)
#60 NianticLabsPlugin.ctor(0x7d6a8c)
#61 NianticLabsPlugin.ctor(0x7d4aec)
#62 NianticLabsPlugin.ctor(0x7d5904)
#63 NianticLabsPlugin.ctor(0x7d5aa8)
#64 NianticLabsPlugin.ctor(0x7d4d10)
#65 NianticLabsPlugin.ctor(0x7d44bc)
#66 NianticLabsPlugin.ctor(0x7d4ec8)
#67 NianticLabsPlugin.ctor(0x7d5d5c)
#68 NianticLabsPlugin.ctor(0x7d5bdc)
#69 NianticLabsPlugin.ctor(0x7d5438)
#70 NianticLabsPlugin.ctor(0x7d5fe8)
#71 NianticLabsPlugin.ctor(0x7d5538)
#72 NianticLabsPlugin.ctor(0x7d69cc)
#73 NianticLabsPlugin.ctor(0x7d683c)
#74 NianticLabsPlugin.ctor(0x7d4468)
#75 NianticLabsPlugin.ctor(0x7d52c4)
#76 NianticLabsPlugin.ctor(0x7d3fe0)
#77 NianticLabsPlugin.ctor(0x7d5a08)
#78 NianticLabsPlugin.ctor(0x7d444c)
#79 NianticLabsPlugin.ctor(0x7d506c)
#80 NianticLabsPlugin.ctor(0x7d5588)
#81 NianticLabsPlugin.ctor(0x7d5ba4)
#82 NianticLabsPlugin.ctor(0x7d53a4)
#83 NianticLabsPlugin.ctor(0x7d5fcc)
#84 NianticLabsPlugin.ctor(0x7d68f4)
#85 NianticLabsPlugin.ctor(0x7d44a0)
#86 NianticLabsPlugin.ctor(0x7d55e4)
#87 NianticLabsPlugin.ctor(0x7d6228)
#88 NianticLabsPlugin.ctor(0x7d450c)
#89 NianticLabsPlugin.ctor(0x7d62d4)
#90 NianticLabsPlugin.ctor(0x7d5678)
#91 NianticLabsPlugin.ctor(0x7d6318)
#92 NianticLabsPlugin.ctor(0x7d6718)
#93 NianticLabsPlugin.ctor(0x7d54d8)
#94 NianticLabsPlugin.ctor(0x7d4f3c)
#95 NianticLabsPlugin.ctor(0x7d5cd8)
#96 NianticLabsPlugin.ctor(0x7d4d60)
#97 NianticLabsPlugin.ctor(0x7d5488)
#98 NianticLabsPlugin.ctor(0x7d50b4)
#99 NianticLabsPlugin.ctor(0x7d5348)
#100 NianticLabsPlugin.ctor(0x7d5ac4)
#101 NianticLabsPlugin.ctor(0x7d51f0)
#102 NianticLabsPlugin.ctor(0x7d5b34)
#103 NianticLabsPlugin.ctor(0x7d52fc)
#104 NianticLabsPlugin.ctor(0x7d55c0)
#105 NianticLabsPlugin.ctor(0x7d5f74)
#106 NianticLabsPlugin.ctor(0x7d593c)
#107 NianticLabsPlugin.ctor(0x7d42dc)
#108 NianticLabsPlugin.ctor(0x7d5178)
#109 NianticLabsPlugin.ctor(0x7d5d10)
#110 NianticLabsPlugin.ctor(0x7d5ae8)
#111 NianticLabsPlugin.ctor(0x7d502c)
#112 NianticLabsPlugin.ctor(0x7d58bc)
#113 NianticLabsPlugin.ctor(0x7d4f18)
#114 NianticLabsPlugin.ctor(0x7d6244)
#115 NianticLabsPlugin.ctor(0x7d4d7c)
#116 NianticLabsPlugin.ctor(0x7d5f34)
#117 NianticLabsPlugin.ctor(0x7d58e0)
#118 NianticLabsPlugin.ctor(0x7d5b80)
#119 NianticLabsPlugin.ctor(0x7d5988)
#00 libswiftCore.dylib.ctor(0x316120)
#01 libswiftCore.dylib.ctor(0x31d868)
#02 libswiftCore.dylib.ctor(0x365fd0)
#00 libswiftDispatch.dylib.ctor(0x1618)
#00 NianticPlatformIap.ctor(0x4d8b8)
#00 ardk_client_platform.ctor(0x6dec3c)
#01 ardk_client_platform.ctor(0x213c4)
#02 ardk_client_platform.ctor(0x2151c)
#03 ardk_client_platform.ctor(0x24998)
#04 ardk_client_platform.ctor(0x24af0)
#05 ardk_client_platform.ctor(0x2874c)
#06 ardk_client_platform.ctor(0x288a4)
#07 ardk_client_platform.ctor(0x28e64)
#08 ardk_client_platform.ctor(0x2ab10)
#09 ardk_client_platform.ctor(0x2ac68)
#10 ardk_client_platform.ctor(0x2bf50)
#11 ardk_client_platform.ctor(0x2c0a8)
#12 ardk_client_platform.ctor(0x2fae4)
#13 ardk_client_platform.ctor(0x2fc3c)
#14 ardk_client_platform.ctor(0x315ac)
#15 ardk_client_platform.ctor(0x31704)
#16 ardk_client_platform.ctor(0x32db8)
#17 ardk_client_platform.ctor(0x32f10)
#18 ardk_client_platform.ctor(0x34a04)
#19 ardk_client_platform.ctor(0x34b5c)
#20 ardk_client_platform.ctor(0x37280)
#21 ardk_client_platform.ctor(0x373d8)
#22 ardk_client_platform.ctor(0x39384)
#23 ardk_client_platform.ctor(0x394dc)
#24 ardk_client_platform.ctor(0x3a90c)
#25 ardk_client_platform.ctor(0x3aa64)
#26 ardk_client_platform.ctor(0x3caf0)
#27 ardk_client_platform.ctor(0x3cc48)
#28 ardk_client_platform.ctor(0x3ff40)
#29 ardk_client_platform.ctor(0x40098)
#30 ardk_client_platform.ctor(0x40658)
#31 ardk_client_platform.ctor(0xa0fc8)
#32 ardk_client_platform.ctor(0xa1120)
#33 ardk_client_platform.ctor(0xa4a38)
#34 ardk_client_platform.ctor(0xa4b90)
#35 ardk_client_platform.ctor(0xa5150)
#36 ardk_client_platform.ctor(0xae424)
#37 ardk_client_platform.ctor(0xae57c)
#38 ardk_client_platform.ctor(0xae6d4)
#39 ardk_client_platform.ctor(0xae82c)
#40 ardk_client_platform.ctor(0xb22e8)
#41 ardk_client_platform.ctor(0xb2440)
#42 ardk_client_platform.ctor(0xbe22c)
#43 ardk_client_platform.ctor(0xbe384)
#44 ardk_client_platform.ctor(0xc18cc)
#45 ardk_client_platform.ctor(0xc4a24)
#46 ardk_client_platform.ctor(0x787170)
#47 ardk_client_platform.ctor(0x7641a8)
#48 ardk_client_platform.ctor(0x7822c0)
#49 ardk_client_platform.ctor(0x759b00)
#50 ardk_client_platform.ctor(0x77f2a0)
#51 ardk_client_platform.ctor(0x773c24)
#52 ardk_client_platform.ctor(0x7524b0)
#53 ardk_client_platform.ctor(0x77ef88)
#54 ardk_client_platform.ctor(0x780c40)
#55 ardk_client_platform.ctor(0x77f0f0)
#56 ardk_client_platform.ctor(0x779a7c)
#57 ardk_client_platform.ctor(0x77ee20)
#58 ardk_client_platform.ctor(0x785530)
#59 ardk_client_platform.ctor(0x77f110)
#60 ardk_client_platform.ctor(0x75d108)
#61 ardk_client_platform.ctor(0x76aa18)
#62 ardk_client_platform.ctor(0x77b6ac)
#63 ardk_client_platform.ctor(0x774a08)
#64 ardk_client_platform.ctor(0x7614d8)
#65 ardk_client_platform.ctor(0x7584b0)
#66 ardk_client_platform.ctor(0x76a1a8)
#67 ardk_client_platform.ctor(0x75e0b0)
#68 ardk_client_platform.ctor(0x767d00)
#69 ardk_client_platform.ctor(0x77e4b0)
#70 ardk_client_platform.ctor(0x75baa4)
#71 ardk_client_platform.ctor(0x75badc)
#72 ardk_client_platform.ctor(0x77b544)
#73 ardk_client_platform.ctor(0x767b98)
#74 ardk_client_platform.ctor(0x752348)
#75 ardk_client_platform.ctor(0x777680)
#76 ardk_client_platform.ctor(0x765f80)
#77 ardk_client_platform.ctor(0x7709fc)
#78 ardk_client_platform.ctor(0x7532ac)
#79 ardk_client_platform.ctor(0x77aabc)
#80 ardk_client_platform.ctor(0x782830)
#81 ardk_client_platform.ctor(0x77bc2c)
#82 ardk_client_platform.ctor(0x765c30)
#83 ardk_client_platform.ctor(0x7660e8)
#84 ardk_client_platform.ctor(0x763c0c)
#85 ardk_client_platform.ctor(0x7763e4)
#86 ardk_client_platform.ctor(0x774738)
#87 ardk_client_platform.ctor(0x75be50)
#88 ardk_client_platform.ctor(0x7670f0)
#89 ardk_client_platform.ctor(0x76ac10)
#90 ardk_client_platform.ctor(0x77d868)
#91 ardk_client_platform.ctor(0x759168)
#92 ardk_client_platform.ctor(0x770894)
#93 ardk_client_platform.ctor(0x76e780)
#94 ardk_client_platform.ctor(0x75f4d0)
#95 ardk_client_platform.ctor(0x75ea48)
#96 ardk_client_platform.ctor(0x779914)
#97 ardk_client_platform.ctor(0x75f7a0)
#98 ardk_client_platform.ctor(0x76be34)
#99 ardk_client_platform.ctor(0x77f3f8)
#100 ardk_client_platform.ctor(0x76d88c)
#101 ardk_client_platform.ctor(0x784e68)
#102 ardk_client_platform.ctor(0x7811c0)
#103 ardk_client_platform.ctor(0x75bce8)
#104 ardk_client_platform.ctor(0x76843c)
#105 ardk_client_platform.ctor(0x7853d8)
#106 ardk_client_platform.ctor(0x783670)
#107 ardk_client_platform.ctor(0x77d700)
#108 ardk_client_platform.ctor(0x773118)
#109 ardk_client_platform.ctor(0x752324)
#110 ardk_client_platform.ctor(0x76f57c)
#111 ardk_client_platform.ctor(0x764310)
#112 ardk_client_platform.ctor(0x77f278)
#113 ardk_client_platform.ctor(0x756c18)
#114 ardk_client_platform.ctor(0x7797ac)
#115 ardk_client_platform.ctor(0x773430)
#116 ardk_client_platform.ctor(0x75fe78)
#117 ardk_client_platform.ctor(0x774b70)
#118 ardk_client_platform.ctor(0x7856e0)
#119 ardk_client_platform.ctor(0x757198)
#120 ardk_client_platform.ctor(0x76d450)
#121 ardk_client_platform.ctor(0x783508)
#122 ardk_client_platform.ctor(0x784df4)
#123 ardk_client_platform.ctor(0x75f908)
#124 ardk_client_platform.ctor(0x77e748)
#125 ardk_client_platform.ctor(0x76a728)
#126 ardk_client_platform.ctor(0x77a964)
#127 ardk_client_platform.ctor(0x756078)
#128 ardk_client_platform.ctor(0x761030)
#129 ardk_client_platform.ctor(0x7561e0)
#130 ardk_client_platform.ctor(0x775494)
#131 ardk_client_platform.ctor(0x7748a0)
#132 ardk_client_platform.ctor(0x77b4b4)
#133 ardk_client_platform.ctor(0x76bb74)
#134 ardk_client_platform.ctor(0x756028)
#135 ardk_client_platform.ctor(0x755ed0)
#136 ardk_client_platform.ctor(0x773088)
#137 ardk_client_platform.ctor(0x780578)
#138 ardk_client_platform.ctor(0x763b7c)
#139 ardk_client_platform.ctor(0x7755ec)
#140 ardk_client_platform.ctor(0x75bc44)
#141 ardk_client_platform.ctor(0x75d0b4)
#142 ardk_client_platform.ctor(0x77e618)
#143 ardk_client_platform.ctor(0x7683e8)
#144 ardk_client_platform.ctor(0x77e358)
#145 ardk_client_platform.ctor(0x770f6c)
#146 ardk_client_platform.ctor(0x7696c0)
#147 ardk_client_platform.ctor(0x76c23c)
#148 ardk_client_platform.ctor(0x76bcdc)
#149 ardk_client_platform.ctor(0x765d98)
#150 ardk_client_platform.ctor(0x77f6b8)
#151 ardk_client_platform.ctor(0x769818)
#152 ardk_client_platform.ctor(0x75d270)
#153 ardk_client_platform.ctor(0x766768)
#154 ardk_client_platform.ctor(0x765ba0)
#155 ardk_client_platform.ctor(0x77dde8)
#156 ardk_client_platform.ctor(0x77ca28)
#157 ardk_client_platform.ctor(0x764890)
#158 ardk_client_platform.ctor(0x782998)
#159 ardk_client_platform.ctor(0x757300)
#160 ardk_client_platform.ctor(0x76ab80)
#161 ardk_client_platform.ctor(0x773138)
#162 ardk_client_platform.ctor(0x7789a0)
#163 ardk_client_platform.ctor(0x7766a4)
#164 ardk_client_platform.ctor(0x7742fc)
#165 ardk_client_platform.ctor(0x7741a4)
#166 ardk_client_platform.ctor(0x7540a8)
#167 ardk_client_platform.ctor(0x75b94c)
#168 ardk_client_platform.ctor(0x757870)
#169 ardk_client_platform.ctor(0x773290)
#170 ardk_client_platform.ctor(0x767248)
#171 ardk_client_platform.ctor(0x784474)
#172 ardk_client_platform.ctor(0x774b90)
#173 ardk_client_platform.ctor(0x75d888)
#174 ardk_client_platform.ctor(0x772700)
#175 ardk_client_platform.ctor(0x759010)
#176 ardk_client_platform.ctor(0x782e40)
#177 ardk_client_platform.ctor(0x767e68)
#178 ardk_client_platform.ctor(0x758618)
#179 ardk_client_platform.ctor(0x77a7fc)
#180 ardk_client_platform.ctor(0x75f638)
#181 ardk_client_platform.ctor(0x766240)
#182 ardk_client_platform.ctor(0x775bbc)
#183 ardk_client_platform.ctor(0x7845cc)
#184 ardk_client_platform.ctor(0x76c0e4)
#185 ardk_client_platform.ctor(0x762ab0)
#186 ardk_client_platform.ctor(0x76bf8c)
#187 ardk_client_platform.ctor(0x779eec)
#188 ardk_client_platform.ctor(0x77e8b0)
#189 ardk_client_platform.ctor(0x780ae8)
#190 ardk_client_platform.ctor(0x769980)
#191 ardk_client_platform.ctor(0x7777e8)
#192 ardk_client_platform.ctor(0x75ffe0)
#193 ardk_client_platform.ctor(0x761e70)
#194 ardk_client_platform.ctor(0x765e28)
#195 ardk_client_platform.ctor(0x783bd0)
#196 ardk_client_platform.ctor(0x77f560)
#197 ardk_client_platform.ctor(0x760808)
#198 ardk_client_platform.ctor(0x782f98)
#199 ardk_client_platform.ctor(0x7555cc)
#200 ardk_client_platform.ctor(0x75b124)
#201 ardk_client_platform.ctor(0x7668c0)
#202 ardk_client_platform.ctor(0x758eb8)
#203 ardk_client_platform.ctor(0x77fc28)
#204 ardk_client_platform.ctor(0x76fafc)
#205 ardk_client_platform.ctor(0x776c14)
#206 ardk_client_platform.ctor(0x77654c)
#207 ardk_client_platform.ctor(0x75a8fc)
#208 ardk_client_platform.ctor(0x76a8c0)
#209 ardk_client_platform.ctor(0x76ad78)
#210 ardk_client_platform.ctor(0x781328)
#211 ardk_client_platform.ctor(0x781480)
#212 ardk_client_platform.ctor(0x765a48)
#213 ardk_client_platform.ctor(0x77ac14)
#214 ardk_client_platform.ctor(0x75d318)
#215 ardk_client_platform.ctor(0x756378)
#216 ardk_client_platform.ctor(0x77006c)
#217 ardk_client_platform.ctor(0x775a64)
#218 ardk_client_platform.ctor(0x772180)
#219 ardk_client_platform.ctor(0x783700)
#220 ardk_client_platform.ctor(0x7733e8)
#221 ardk_client_platform.ctor(0x75ebb0)
#222 ardk_client_platform.ctor(0x785698)
#223 ardk_client_platform.ctor(0x777518)
#224 ardk_client_platform.ctor(0x75f03c)
#225 ardk_client_platform.ctor(0x77ced0)
#226 ardk_client_platform.ctor(0x7b2764)
#227 ardk_client_platform.ctor(0x7bd6d8)
#228 ardk_client_platform.ctor(0x7be04c)
#229 ardk_client_platform.ctor(0x7c498c)
#230 ardk_client_platform.ctor(0x7c5a28)
#231 ardk_client_platform.ctor(0x7dbebc)
#232 ardk_client_platform.ctor(0x7e00ec)
#233 ardk_client_platform.ctor(0x7e3e20)
#234 ardk_client_platform.ctor(0x7e7770)
#235 ardk_client_platform.ctor(0x7e7d10)
#236 ardk_client_platform.ctor(0x7fd3fc)
#237 ardk_client_platform.ctor(0x8001a4)
#238 ardk_client_platform.ctor(0x83e964)
#239 ardk_client_platform.ctor(0x842cb8)
#240 ardk_client_platform.ctor(0x8475d4)
#241 ardk_client_platform.ctor(0x867acc)
#242 ardk_client_platform.ctor(0x867dd4)
#243 ardk_client_platform.ctor(0x86ae18)
#244 ardk_client_platform.ctor(0x8720c4)
#245 ardk_client_platform.ctor(0x8757b4)
#246 ardk_client_platform.ctor(0x876eb0)
#247 ardk_client_platform.ctor(0x8781c8)
#248 ardk_client_platform.ctor(0x878528)
#249 ardk_client_platform.ctor(0x878d6c)
#250 ardk_client_platform.ctor(0x879294)
#251 ardk_client_platform.ctor(0x87a0e0)
#252 ardk_client_platform.ctor(0x87ab54)
#253 ardk_client_platform.ctor(0x87be18)
#254 ardk_client_platform.ctor(0x87d4d8)
#255 ardk_client_platform.ctor(0x887660)
#256 ardk_client_platform.ctor(0x88bc54)
#257 ardk_client_platform.ctor(0x88f3c4)
#258 ardk_client_platform.ctor(0x89194c)
#259 ardk_client_platform.ctor(0x8a6fd0)
#260 ardk_client_platform.ctor(0x8aa3a4)
#261 ardk_client_platform.ctor(0x8abd44)
#262 ardk_client_platform.ctor(0x8ac8d4)
#263 ardk_client_platform.ctor(0x8cafb8)
#264 ardk_client_platform.ctor(0x8d0e4c)
#265 ardk_client_platform.ctor(0x8d15ac)
#266 ardk_client_platform.ctor(0x8d1dc8)
#267 ardk_client_platform.ctor(0x8d9000)
#268 ardk_client_platform.ctor(0x8da2e0)
#269 ardk_client_platform.ctor(0x8dce78)
#270 ardk_client_platform.ctor(0x8e6780)
#271 ardk_client_platform.ctor(0x8e725c)
#272 ardk_client_platform.ctor(0x8ec27c)
#273 ardk_client_platform.ctor(0x8f321c)
#274 ardk_client_platform.ctor(0x8fb1e0)
#275 ardk_client_platform.ctor(0x904ff4)
#276 ardk_client_platform.ctor(0x907810)
#277 ardk_client_platform.ctor(0x90b538)
#278 ardk_client_platform.ctor(0x90bd48)
#279 ardk_client_platform.ctor(0x917908)
#280 ardk_client_platform.ctor(0x91e5b0)
#281 ardk_client_platform.ctor(0x9218a4)
#282 ardk_client_platform.ctor(0x922d44)
#283 ardk_client_platform.ctor(0x92821c)
#284 ardk_client_platform.ctor(0x9287a0)
#285 ardk_client_platform.ctor(0x92bdfc)
#286 ardk_client_platform.ctor(0x92cba4)
#287 ardk_client_platform.ctor(0x933978)
#288 ardk_client_platform.ctor(0x93bf0c)
#289 ardk_client_platform.ctor(0x93ee94)
#290 ardk_client_platform.ctor(0x942bd4)
#291 ardk_client_platform.ctor(0x948f74)
#292 ardk_client_platform.ctor(0x94ab4c)
#293 ardk_client_platform.ctor(0x94c330)
#294 ardk_client_platform.ctor(0x94cedc)
#295 ardk_client_platform.ctor(0x95a3c4)
#296 ardk_client_platform.ctor(0x95cd3c)
#297 ardk_client_platform.ctor(0x95e7dc)
#298 ardk_client_platform.ctor(0x969608)
#299 ardk_client_platform.ctor(0x973e24)
#300 ardk_client_platform.ctor(0x976058)
#301 ardk_client_platform.ctor(0x97b014)
#302 ardk_client_platform.ctor(0x97d3cc)
#303 ardk_client_platform.ctor(0x97db84)
#304 ardk_client_platform.ctor(0x9f5eb8)
#305 ardk_client_platform.ctor(0xa0e888)
#306 ardk_client_platform.ctor(0xa75cd0)
#307 ardk_client_platform.ctor(0xa75e28)
#308 ardk_client_platform.ctor(0xa75f80)
#309 ardk_client_platform.ctor(0xa760d8)
#310 ardk_client_platform.ctor(0xa76230)
#311 ardk_client_platform.ctor(0xa8372c)
#312 ardk_client_platform.ctor(0xa83884)
#313 ardk_client_platform.ctor(0xa87d10)
#314 ardk_client_platform.ctor(0xa87e68)
#315 ardk_client_platform.ctor(0xa87fc0)
#316 ardk_client_platform.ctor(0xa9fd70)
#317 ardk_client_platform.ctor(0xad3e48)
#318 ardk_client_platform.ctor(0xb8d014)
#319 ardk_client_platform.ctor(0xb92810)
#320 ardk_client_platform.ctor(0xbc4974)
#321 ardk_client_platform.ctor(0xc2e058)
#322 ardk_client_platform.ctor(0xc2e09c)
#323 ardk_client_platform.ctor(0xc999e8)
#324 ardk_client_platform.ctor(0xca4fac)
#325 ardk_client_platform.ctor(0xca9514)
#326 ardk_client_platform.ctor(0xcab474)
#327 ardk_client_platform.ctor(0xcbe904)
#328 ardk_client_platform.ctor(0xcc0958)
#329 ardk_client_platform.ctor(0xce7f74)
#330 ardk_client_platform.ctor(0xd7fce8)
#331 ardk_client_platform.ctor(0xd8509c)
#332 ardk_client_platform.ctor(0x108d568)
#333 ardk_client_platform.ctor(0x10b7d14)
#334 ardk_client_platform.ctor(0x10bf1d0)
#335 ardk_client_platform.ctor(0x10c3990)
#336 ardk_client_platform.ctor(0x10c5780)
#337 ardk_client_platform.ctor(0x10cf808)
#338 ardk_client_platform.ctor(0x10d8c3c)
#339 ardk_client_platform.ctor(0x10da0a0)
#340 ardk_client_platform.ctor(0x10dd7ac)
#341 ardk_client_platform.ctor(0x10ddf44)
#342 ardk_client_platform.ctor(0x10dec38)
#343 ardk_client_platform.ctor(0x10f6f50)
#344 ardk_client_platform.ctor(0x1100790)
#345 ardk_client_platform.ctor(0x11131ac)
#346 ardk_client_platform.ctor(0x111b7b8)
#347 ardk_client_platform.ctor(0x1124d7c)
#348 ardk_client_platform.ctor(0x1128ccc)
#349 ardk_client_platform.ctor(0x11299cc)
#350 ardk_client_platform.ctor(0x11300f4)
#351 ardk_client_platform.ctor(0x1132290)
#352 ardk_client_platform.ctor(0x1134150)
#353 ardk_client_platform.ctor(0x113a5ec)
#354 ardk_client_platform.ctor(0x113df40)
#355 ardk_client_platform.ctor(0x113ff08)
#356 ardk_client_platform.ctor(0x1144b9c)
#357 ardk_client_platform.ctor(0x114bf48)
#358 ardk_client_platform.ctor(0x11576f0)
#359 ardk_client_platform.ctor(0x115a884)
#360 ardk_client_platform.ctor(0x115e900)
#361 ardk_client_platform.ctor(0x11712f8)
#362 ardk_client_platform.ctor(0x11736c4)
#363 ardk_client_platform.ctor(0x11752fc)
#364 ardk_client_platform.ctor(0x1178d48)
#365 ardk_client_platform.ctor(0x117cd4c)
#366 ardk_client_platform.ctor(0x119d8c8)
#367 ardk_client_platform.ctor(0x11a1f14)
#368 ardk_client_platform.ctor(0x11aaf60)
#369 ardk_client_platform.ctor(0x11ad9d0)
#370 ardk_client_platform.ctor(0x11b9d44)
#371 ardk_client_platform.ctor(0x11ba57c)
#372 ardk_client_platform.ctor(0x11bffc8)
#373 ardk_client_platform.ctor(0x11c0f70)
#374 ardk_client_platform.ctor(0x11c702c)
#375 ardk_client_platform.ctor(0x11e2404)
#376 ardk_client_platform.ctor(0x11eeb0c)
#377 ardk_client_platform.ctor(0x11f0654)
#378 ardk_client_platform.ctor(0x11f95b0)
#379 ardk_client_platform.ctor(0x11fd72c)
#380 ardk_client_platform.ctor(0x1212d38)
#381 ardk_client_platform.ctor(0x1216b68)
#382 ardk_client_platform.ctor(0x1218d1c)
#383 ardk_client_platform.ctor(0x121b31c)
#384 ardk_client_platform.ctor(0x121e978)
#385 ardk_client_platform.ctor(0x1220ae8)
#386 ardk_client_platform.ctor(0x122df74)
#387 ardk_client_platform.ctor(0x122fcdc)
#388 ardk_client_platform.ctor(0x12327e0)
#389 ardk_client_platform.ctor(0x1233d90)
#390 ardk_client_platform.ctor(0x123518c)
#391 ardk_client_platform.ctor(0x1236a04)
#392 ardk_client_platform.ctor(0x123aafc)
#393 ardk_client_platform.ctor(0x123ceac)
#394 ardk_client_platform.ctor(0x123efd0)
#395 ardk_client_platform.ctor(0x1241e74)
#396 ardk_client_platform.ctor(0x1246b68)
#397 ardk_client_platform.ctor(0x124af44)
#398 ardk_client_platform.ctor(0x124d928)
#399 ardk_client_platform.ctor(0x1253aac)
#400 ardk_client_platform.ctor(0x1255900)
#401 ardk_client_platform.ctor(0x125a9b4)
#402 ardk_client_platform.ctor(0x125d5f4)
#403 ardk_client_platform.ctor(0x1260e20)
#404 ardk_client_platform.ctor(0x1261990)
#405 ardk_client_platform.ctor(0x12645e0)
#406 ardk_client_platform.ctor(0x12694b4)
#407 ardk_client_platform.ctor(0x1269894)
#408 ardk_client_platform.ctor(0x126eb98)
#409 ardk_client_platform.ctor(0x1277fe0)
#410 ardk_client_platform.ctor(0x1278a64)
#411 ardk_client_platform.ctor(0x127a400)
#412 ardk_client_platform.ctor(0x127fb2c)
#413 ardk_client_platform.ctor(0x128246c)
#414 ardk_client_platform.ctor(0x12843e0)
#415 ardk_client_platform.ctor(0x1287a40)
#416 ardk_client_platform.ctor(0x12887ac)
#417 ardk_client_platform.ctor(0x128edbc)
#418 ardk_client_platform.ctor(0x13b2528)
#419 ardk_client_platform.ctor(0x13bed80)
#420 ardk_client_platform.ctor(0x13c031c)
#421 ardk_client_platform.ctor(0x13d8560)
#422 ardk_client_platform.ctor(0x13e0890)
#423 ardk_client_platform.ctor(0x13e3d94)
#424 ardk_client_platform.ctor(0x13f1444)
#425 ardk_client_platform.ctor(0x13f2248)
#426 ardk_client_platform.ctor(0x13f29b4)
#00 GameController.ctor(0x6f8b0)
#00 UnityFramework.ctor(0x17e78)
#01 UnityFramework.ctor(0x22fa8)
#02 UnityFramework.ctor(0x1a99b8)
#03 UnityFramework.ctor(0x29bec8)
#04 UnityFramework.ctor(0x2b200c)
#05 UnityFramework.ctor(0x2c4b10)
#06 UnityFramework.ctor(0x44c680)
#07 UnityFramework.ctor(0x564d98)
#08 UnityFramework.ctor(0x56f6f4)
#09 UnityFramework.ctor(0x5ce580)
#10 UnityFramework.ctor(0x5d691c)
#11 UnityFramework.ctor(0x607994)
#12 UnityFramework.ctor(0x617028)
#13 UnityFramework.ctor(0x61b7c0)
#14 UnityFramework.ctor(0x61f778)
#15 UnityFramework.ctor(0x623f70)
#16 UnityFramework.ctor(0x6302fc)
#17 UnityFramework.ctor(0x663d04)
#18 UnityFramework.ctor(0x663fd8)
#19 UnityFramework.ctor(0x66534c)
#20 UnityFramework.ctor(0x671a30)
#21 UnityFramework.ctor(0x672658)
#22 UnityFramework.ctor(0x683050)
#23 UnityFramework.ctor(0x6865c4)
#24 UnityFramework.ctor(0x686d5c)
#25 UnityFramework.ctor(0x688e18)
#26 UnityFramework.ctor(0x68a444)
#27 UnityFramework.ctor(0x68a46c)
#28 UnityFramework.ctor(0x6d3ba8)
#29 UnityFramework.ctor(0x71d328)
#30 UnityFramework.ctor(0x749fd8)
#31 UnityFramework.ctor(0x756510)
#32 UnityFramework.ctor(0x7587f4)
#33 UnityFramework.ctor(0x75b610)
#34 UnityFramework.ctor(0x75cda8)
#35 UnityFramework.ctor(0x76d30c)
#36 UnityFramework.ctor(0x7747e0)
#37 UnityFramework.ctor(0x775ae4)
#38 UnityFramework.ctor(0x778d54)
#39 UnityFramework.ctor(0x77a768)
#40 UnityFramework.ctor(0x77a7c8)
#41 UnityFramework.ctor(0x77b10c)
#42 UnityFramework.ctor(0x78d3dc)
#43 UnityFramework.ctor(0x78d43c)
#44 UnityFramework.ctor(0x79bf44)
#45 UnityFramework.ctor(0x79bfa4)
#46 UnityFramework.ctor(0x79e308)
#47 UnityFramework.ctor(0x79e368)
#48 UnityFramework.ctor(0x7a0d30)
#49 UnityFramework.ctor(0x7a0d90)
#50 UnityFramework.ctor(0x7a28a0)
#51 UnityFramework.ctor(0x7a5948)
#52 UnityFramework.ctor(0x7a59a8)
#53 UnityFramework.ctor(0x7a9968)
#54 UnityFramework.ctor(0x7a99c8)
#55 UnityFramework.ctor(0x7a9ad0)
#56 UnityFramework.ctor(0x7a9b60)
#57 UnityFramework.ctor(0x7ad178)
#58 UnityFramework.ctor(0x7b2180)
#59 UnityFramework.ctor(0x7b21e0)
#60 UnityFramework.ctor(0x7b5174)
#61 UnityFramework.ctor(0x7b51d4)
#62 UnityFramework.ctor(0x7b577c)
#63 UnityFramework.ctor(0x7b57dc)
#64 UnityFramework.ctor(0x7b5e70)
#65 UnityFramework.ctor(0x7b5ed0)
#66 UnityFramework.ctor(0x7ba0ac)
#67 UnityFramework.ctor(0x7c69b8)
#68 UnityFramework.ctor(0x7ca5a0)
#69 UnityFramework.ctor(0x7ca948)
#70 UnityFramework.ctor(0x7cd1fc)
#71 UnityFramework.ctor(0x7cd25c)
#72 UnityFramework.ctor(0x7d0170)
#73 UnityFramework.ctor(0x7d30e0)
#74 UnityFramework.ctor(0x7d3140)
#75 UnityFramework.ctor(0x7d31a0)
#76 UnityFramework.ctor(0x7d33f4)
#77 UnityFramework.ctor(0x7f2e5c)
#78 UnityFramework.ctor(0x7f2ebc)
#79 UnityFramework.ctor(0x7f6e88)
#80 UnityFramework.ctor(0x7fd47c)
#81 UnityFramework.ctor(0x815214)
#82 UnityFramework.ctor(0x815274)
#83 UnityFramework.ctor(0x81823c)
#84 UnityFramework.ctor(0x824efc)
#85 UnityFramework.ctor(0x83010c)
#86 UnityFramework.ctor(0x85ca1c)
#87 UnityFramework.ctor(0x8817cc)
#88 UnityFramework.ctor(0x8c4184)
#89 UnityFramework.ctor(0x8c5150)
#90 UnityFramework.ctor(0x8c51b0)
#91 UnityFramework.ctor(0x8c7e6c)
#92 UnityFramework.ctor(0x8c7ed4)
#93 UnityFramework.ctor(0x8c7f84)
#94 UnityFramework.ctor(0x8c7fe4)
#95 UnityFramework.ctor(0x8c8934)
#96 UnityFramework.ctor(0x8cbc78)
#97 UnityFramework.ctor(0x8d17fc)
#98 UnityFramework.ctor(0x8d9c08)
#99 UnityFramework.ctor(0x8d9f54)
#100 UnityFramework.ctor(0x8da3e8)
#101 UnityFramework.ctor(0x8da600)
#102 UnityFramework.ctor(0x8daacc)
#103 UnityFramework.ctor(0x8dac0c)
#104 UnityFramework.ctor(0x8dac6c)
#105 UnityFramework.ctor(0x8dc330)
#106 UnityFramework.ctor(0x8e0614)
#107 UnityFramework.ctor(0x8e0674)
#108 UnityFramework.ctor(0x8e9810)
#109 UnityFramework.ctor(0x8eb7ec)
#110 UnityFramework.ctor(0x8ef1ac)
#111 UnityFramework.ctor(0x8ef20c)
#112 UnityFramework.ctor(0x8f4aa4)
#113 UnityFramework.ctor(0x8f4b04)
#114 UnityFramework.ctor(0x8f4b7c)
#115 UnityFramework.ctor(0x8f50fc)
#116 UnityFramework.ctor(0x8f5fcc)
#117 UnityFramework.ctor(0x8f606c)
#118 UnityFramework.ctor(0x8f6274)
#119 UnityFramework.ctor(0x8f62d4)
#120 UnityFramework.ctor(0x8f6334)
#121 UnityFramework.ctor(0x8f6394)
#122 UnityFramework.ctor(0x901ea8)
#123 UnityFramework.ctor(0x901f08)
#124 UnityFramework.ctor(0x903540)
#125 UnityFramework.ctor(0x90e0c4)
#126 UnityFramework.ctor(0x90e124)
#127 UnityFramework.ctor(0x912108)
#128 UnityFramework.ctor(0x91239c)
#129 UnityFramework.ctor(0x917560)
#130 UnityFramework.ctor(0x918cb0)
#131 UnityFramework.ctor(0x91d018)
#132 UnityFramework.ctor(0x92ff18)
#133 UnityFramework.ctor(0x92ff78)
#134 UnityFramework.ctor(0x9349a4)
#135 UnityFramework.ctor(0x934a04)
#136 UnityFramework.ctor(0x93504c)
#137 UnityFramework.ctor(0x9350ac)
#138 UnityFramework.ctor(0x9355fc)
#139 UnityFramework.ctor(0x93f7ec)
#140 UnityFramework.ctor(0x943ed4)
#141 UnityFramework.ctor(0x95ab5c)
#142 UnityFramework.ctor(0x9668fc)
#143 UnityFramework.ctor(0x969704)
#144 UnityFramework.ctor(0x98c890)
#145 UnityFramework.ctor(0x9966dc)
#146 UnityFramework.ctor(0x99a570)
#147 UnityFramework.ctor(0x99c364)
#148 UnityFramework.ctor(0x9a07a0)
#149 UnityFramework.ctor(0x9b4d40)
#150 UnityFramework.ctor(0x9b945c)
#151 UnityFramework.ctor(0x9bf6dc)
#152 UnityFramework.ctor(0x9bf73c)
#153 UnityFramework.ctor(0x9d24a8)
#154 UnityFramework.ctor(0x9dbac8)
#155 UnityFramework.ctor(0x9def2c)
#156 UnityFramework.ctor(0x9df5f8)
#157 UnityFramework.ctor(0x9e7164)
#158 UnityFramework.ctor(0x9eba50)
#159 UnityFramework.ctor(0x9ece9c)
#160 UnityFramework.ctor(0x9ee2b0)
#161 UnityFramework.ctor(0x9f0300)
#162 UnityFramework.ctor(0x9f5b20)
#163 UnityFramework.ctor(0x9f82fc)
#164 UnityFramework.ctor(0x9f835c)
#165 UnityFramework.ctor(0xa00230)
#166 UnityFramework.ctor(0xa00290)
#167 UnityFramework.ctor(0xa01084)
#168 UnityFramework.ctor(0xa01e98)
#169 UnityFramework.ctor(0xa032b0)
#170 UnityFramework.ctor(0xa15de0)
#171 UnityFramework.ctor(0xa15e40)
#172 UnityFramework.ctor(0xa19654)
#173 UnityFramework.ctor(0xa196b4)
#174 UnityFramework.ctor(0xa23200)
#175 UnityFramework.ctor(0xa28934)
#176 UnityFramework.ctor(0xa28994)
#177 UnityFramework.ctor(0xa3009c)
#178 UnityFramework.ctor(0xa300fc)
#179 UnityFramework.ctor(0xa4e6e0)
#180 UnityFramework.ctor(0xa4e740)
#181 UnityFramework.ctor(0xa5aeac)
#182 UnityFramework.ctor(0xa5af0c)
#183 UnityFramework.ctor(0xa5d80c)
#184 UnityFramework.ctor(0xa6285c)
#185 UnityFramework.ctor(0xa63cc4)
#186 UnityFramework.ctor(0xa717e8)
#187 UnityFramework.ctor(0xa71848)
#188 UnityFramework.ctor(0xa806f8)
#189 UnityFramework.ctor(0xa80758)
#190 UnityFramework.ctor(0xa81268)
#191 UnityFramework.ctor(0xa82694)
#192 UnityFramework.ctor(0xa867f0)
#193 UnityFramework.ctor(0xa8b35c)
#194 UnityFramework.ctor(0xa8b3bc)
#195 UnityFramework.ctor(0xa8b560)
#196 UnityFramework.ctor(0xa94bac)
#197 UnityFramework.ctor(0xa963d0)
#198 UnityFramework.ctor(0xa9da74)
#199 UnityFramework.ctor(0xaa919c)
#200 UnityFramework.ctor(0xaa91f8)
#201 UnityFramework.ctor(0xab00e8)
#202 UnityFramework.ctor(0xab6fe0)
#203 UnityFramework.ctor(0xac75d8)
#204 UnityFramework.ctor(0xac8c98)
#205 UnityFramework.ctor(0xad0ddc)
#206 UnityFramework.ctor(0xad0e3c)
#207 UnityFramework.ctor(0xadd2bc)
#208 UnityFramework.ctor(0xadd31c)
#209 UnityFramework.ctor(0xaed048)
#210 UnityFramework.ctor(0xaf2bec)
#211 UnityFramework.ctor(0xaf2c4c)
#212 UnityFramework.ctor(0xaf6f7c)
#213 UnityFramework.ctor(0xb02568)
#214 UnityFramework.ctor(0xb032a4)
#215 UnityFramework.ctor(0xb09b94)
#216 UnityFramework.ctor(0xb0e6fc)
#217 UnityFramework.ctor(0xb130ec)
#218 UnityFramework.ctor(0xb15154)
#219 UnityFramework.ctor(0xb2a298)
#220 UnityFramework.ctor(0xb33fc8)
#221 UnityFramework.ctor(0xb34028)
#222 UnityFramework.ctor(0xb34dbc)
#223 UnityFramework.ctor(0xb40978)
#224 UnityFramework.ctor(0xb409d8)
#225 UnityFramework.ctor(0xb44894)
#226 UnityFramework.ctor(0xb45d80)
#227 UnityFramework.ctor(0xb45de0)
#228 UnityFramework.ctor(0xb46ab4)
#229 UnityFramework.ctor(0xb46b14)
#230 UnityFramework.ctor(0xb46cc0)
#231 UnityFramework.ctor(0xb46d20)
#232 UnityFramework.ctor(0xb46f64)
#233 UnityFramework.ctor(0xb47174)
#234 UnityFramework.ctor(0xb479b0)
#235 UnityFramework.ctor(0xb4837c)
#236 UnityFramework.ctor(0xb48d68)
#237 UnityFramework.ctor(0xb4aef8)
#238 UnityFramework.ctor(0xb4af50)
#239 UnityFramework.ctor(0xb4b124)
#240 UnityFramework.ctor(0xb527cc)
#241 UnityFramework.ctor(0xb57594)
#242 UnityFramework.ctor(0xb5903c)
#243 UnityFramework.ctor(0xb59384)
#244 UnityFramework.ctor(0xb5d078)
#245 UnityFramework.ctor(0xb70218)
#246 UnityFramework.ctor(0xb793d8)
#247 UnityFramework.ctor(0xb825d8)
#248 UnityFramework.ctor(0xb82638)
#249 UnityFramework.ctor(0xb84ca4)
#250 UnityFramework.ctor(0xb84d04)
#251 UnityFramework.ctor(0xb84d64)
#252 UnityFramework.ctor(0xb85834)
#253 UnityFramework.ctor(0xb8df04)
#254 UnityFramework.ctor(0xb8df64)
#255 UnityFramework.ctor(0xb93f50)
#256 UnityFramework.ctor(0xb93fb0)
#257 UnityFramework.ctor(0xb962f4)
#258 UnityFramework.ctor(0xb96854)
#259 UnityFramework.ctor(0xb99a38)
#260 UnityFramework.ctor(0xba45d8)
#261 UnityFramework.ctor(0xbb58d8)
#262 UnityFramework.ctor(0xbb592c)
#263 UnityFramework.ctor(0xbb71b0)
#264 UnityFramework.ctor(0xbc8f98)
#265 UnityFramework.ctor(0xbd2cb8)
#266 UnityFramework.ctor(0xbd6bf4)
#267 UnityFramework.ctor(0xbd6c54)
#268 UnityFramework.ctor(0xbdbd24)
#269 UnityFramework.ctor(0xbdeb68)
#270 UnityFramework.ctor(0xbe3eac)
#271 UnityFramework.ctor(0xbe440c)
#272 UnityFramework.ctor(0xbe445c)
#273 UnityFramework.ctor(0xbe6000)
#274 UnityFramework.ctor(0xbe70c0)
#275 UnityFramework.ctor(0xbe7d90)
#276 UnityFramework.ctor(0xbe7edc)
#277 UnityFramework.ctor(0xbe8e20)
#278 UnityFramework.ctor(0xbf4300)
#279 UnityFramework.ctor(0xbf9a3c)
#280 UnityFramework.ctor(0xbfb38c)
#281 UnityFramework.ctor(0xbfb8b4)
#282 UnityFramework.ctor(0xbfb8f8)
#283 UnityFramework.ctor(0xbfb938)
#284 UnityFramework.ctor(0xbfb97c)
#285 UnityFramework.ctor(0xbfba20)
#286 UnityFramework.ctor(0xbfba80)
#287 UnityFramework.ctor(0xc059f0)
#288 UnityFramework.ctor(0xc117a4)
#289 UnityFramework.ctor(0xc15850)
#290 UnityFramework.ctor(0xc1e4a8)
#291 UnityFramework.ctor(0xc1f40c)
#292 UnityFramework.ctor(0xc20a58)
#293 UnityFramework.ctor(0xc21260)
#294 UnityFramework.ctor(0xc28090)
#295 UnityFramework.ctor(0xc3a528)
#296 UnityFramework.ctor(0xc40a64)
#297 UnityFramework.ctor(0xc45f88)
#298 UnityFramework.ctor(0xc45fe8)
#299 UnityFramework.ctor(0xc46f88)
#300 UnityFramework.ctor(0xc493c8)
#301 UnityFramework.ctor(0xc4c248)
#302 UnityFramework.ctor(0xc4c2a8)
#303 UnityFramework.ctor(0xc50f58)
#304 UnityFramework.ctor(0xc51c40)
#305 UnityFramework.ctor(0xc534c0)
#306 UnityFramework.ctor(0xc59ef4)
#307 UnityFramework.ctor(0xc5c160)
#308 UnityFramework.ctor(0xc5d20c)
#309 UnityFramework.ctor(0xc5d26c)
#310 UnityFramework.ctor(0xc61cf8)
#311 UnityFramework.ctor(0xc61d58)
#312 UnityFramework.ctor(0xc6790c)
#313 UnityFramework.ctor(0xc6796c)
#314 UnityFramework.ctor(0xc68bdc)
#315 UnityFramework.ctor(0xc6cd94)
#316 UnityFramework.ctor(0xc6cdf4)
#317 UnityFramework.ctor(0xc6fe68)
#318 UnityFramework.ctor(0xc6fec8)
#319 UnityFramework.ctor(0xc93160)
#320 UnityFramework.ctor(0xc931c0)
#321 UnityFramework.ctor(0xc9504c)
#322 UnityFramework.ctor(0xc98d90)
#323 UnityFramework.ctor(0xc9a2ac)
#324 UnityFramework.ctor(0xca2964)
#325 UnityFramework.ctor(0xcaafe8)
#326 UnityFramework.ctor(0xcab048)
#327 UnityFramework.ctor(0xcb2e90)
#328 UnityFramework.ctor(0xcb2ef0)
#329 UnityFramework.ctor(0xcb55c4)
#330 UnityFramework.ctor(0xcb5fc8)
#331 UnityFramework.ctor(0xce99fc)
#332 UnityFramework.ctor(0xce9a5c)
#333 UnityFramework.ctor(0xce9ca4)
#334 UnityFramework.ctor(0xce9d04)
#335 UnityFramework.ctor(0xcf0af8)
#336 UnityFramework.ctor(0xcf0ef8)
#337 UnityFramework.ctor(0xcf4964)
#338 UnityFramework.ctor(0xcf49c4)
#339 UnityFramework.ctor(0xcf4ac0)
#340 UnityFramework.ctor(0xcf4b20)
#341 UnityFramework.ctor(0xcf4e44)
#342 UnityFramework.ctor(0xcf4ebc)
#343 UnityFramework.ctor(0xcf5f50)
#344 UnityFramework.ctor(0xcf5fb0)
#345 UnityFramework.ctor(0xcf6028)
#346 UnityFramework.ctor(0xcf6488)
#347 UnityFramework.ctor(0xcf64e8)
#348 UnityFramework.ctor(0xcf66cc)
#349 UnityFramework.ctor(0xcf672c)
#350 UnityFramework.ctor(0xcf6844)
#351 UnityFramework.ctor(0xcf6e4c)
#352 UnityFramework.ctor(0xcf759c)
#353 UnityFramework.ctor(0xcf7ce4)
#354 UnityFramework.ctor(0xcf9d4c)
#355 UnityFramework.ctor(0xcf9f70)
#356 UnityFramework.ctor(0xcfa094)
#357 UnityFramework.ctor(0xcfa0f4)
#358 UnityFramework.ctor(0xcfba48)
#359 UnityFramework.ctor(0xd01120)
#360 UnityFramework.ctor(0xd0161c)
#361 UnityFramework.ctor(0xd0197c)
#362 UnityFramework.ctor(0xd03af8)
#363 UnityFramework.ctor(0xd03b58)
#364 UnityFramework.ctor(0xd2f804)
#365 UnityFramework.ctor(0xd2fc00)
#366 UnityFramework.ctor(0xd2fd58)
#367 UnityFramework.ctor(0xd398ec)
#368 UnityFramework.ctor(0xd3f484)
#369 UnityFramework.ctor(0xd3f534)
#370 UnityFramework.ctor(0xd3f594)
#371 UnityFramework.ctor(0xd3f774)
#372 UnityFramework.ctor(0xd40020)
#373 UnityFramework.ctor(0xd40080)
#374 UnityFramework.ctor(0xd406a4)
#375 UnityFramework.ctor(0xd4337c)
#376 UnityFramework.ctor(0xd58620)
#377 UnityFramework.ctor(0xd59ff4)
#378 UnityFramework.ctor(0xd5a280)
#379 UnityFramework.ctor(0xd5c6a8)
#380 UnityFramework.ctor(0xd61488)
#381 UnityFramework.ctor(0xd61ca4)
#382 UnityFramework.ctor(0xd62188)
#383 UnityFramework.ctor(0xd624e8)
#384 UnityFramework.ctor(0xd62bf0)
#385 UnityFramework.ctor(0xd64ba0)
#386 UnityFramework.ctor(0xd650f4)
#387 UnityFramework.ctor(0xd65154)
#388 UnityFramework.ctor(0xd65308)
#389 UnityFramework.ctor(0xd65d08)
#390 UnityFramework.ctor(0xd66614)
#391 UnityFramework.ctor(0xd666f0)
#392 UnityFramework.ctor(0xd895d8)
#393 UnityFramework.ctor(0xd89638)
#394 UnityFramework.ctor(0xd9ace8)
#395 UnityFramework.ctor(0xd9ad48)
#396 UnityFramework.ctor(0xd9e4f8)
#397 UnityFramework.ctor(0xd9e558)
#398 UnityFramework.ctor(0xda56cc)
#399 UnityFramework.ctor(0xdaa4f4)
#400 UnityFramework.ctor(0xdacda8)
#401 UnityFramework.ctor(0xdb45f0)
#402 UnityFramework.ctor(0xdbbb08)
#403 UnityFramework.ctor(0xdbf698)
#404 UnityFramework.ctor(0xde9458)
#405 UnityFramework.ctor(0xdf3100)
#406 UnityFramework.ctor(0xe0a014)
#407 UnityFramework.ctor(0xe0f254)
#408 UnityFramework.ctor(0xe136f0)
#409 UnityFramework.ctor(0xe18330)
#410 UnityFramework.ctor(0xe192f8)
#411 UnityFramework.ctor(0xe30cc8)
#412 UnityFramework.ctor(0xe388c8)
#413 UnityFramework.ctor(0xe39f5c)
#414 UnityFramework.ctor(0xe54da0)
#415 UnityFramework.ctor(0xe5db88)
#416 UnityFramework.ctor(0xe72524)
#417 UnityFramework.ctor(0xe797bc)
#418 UnityFramework.ctor(0xe7c144)
#419 UnityFramework.ctor(0xe7c1a4)
#420 UnityFramework.ctor(0xe7c4a0)
#421 UnityFramework.ctor(0xe7f59c)
#422 UnityFramework.ctor(0xe7f5fc)
#423 UnityFramework.ctor(0xe80a10)
#424 UnityFramework.ctor(0xe81144)
#425 UnityFramework.ctor(0xe811a4)
#426 UnityFramework.ctor(0xe83fc4)
#427 UnityFramework.ctor(0xe845f8)
#428 UnityFramework.ctor(0xe856b0)
#429 UnityFramework.ctor(0xe8f190)
#430 UnityFramework.ctor(0xe96a10)
#431 UnityFramework.ctor(0xefc1e0)
#432 UnityFramework.ctor(0xf048cc)
#433 UnityFramework.ctor(0xf04984)
#434 UnityFramework.ctor(0xf04a00)
#435 UnityFramework.ctor(0xf05808)
#436 UnityFramework.ctor(0xf71c28)
#437 UnityFramework.ctor(0xf74b7c)
#438 UnityFramework.ctor(0xf8efa8)
#439 UnityFramework.ctor(0x10f8570)
#440 UnityFramework.ctor(0x110eddc)
#441 UnityFramework.ctor(0x1113214)
#442 UnityFramework.ctor(0x115ddb4)
#443 UnityFramework.ctor(0x11675c4)
#444 UnityFramework.ctor(0x116d4b4)
#445 UnityFramework.ctor(0x117037c)
#446 UnityFramework.ctor(0x11816c4)
#447 UnityFramework.ctor(0x11816f0)
#448 UnityFramework.ctor(0x11818c8)
#449 UnityFramework.ctor(0x11819f4)
#450 UnityFramework.ctor(0x1181b5c)
#451 UnityFramework.ctor(0x1184374)
#452 UnityFramework.ctor(0x1184a48)
#453 UnityFramework.ctor(0x1184cc0)
#454 UnityFramework.ctor(0x11855fc)
#455 UnityFramework.ctor(0x1185c14)
#456 UnityFramework.ctor(0x1186d6c)
#457 UnityFramework.ctor(0x118a7b4)
#458 UnityFramework.ctor(0x118e078)
#459 UnityFramework.ctor(0x1191400)
#460 UnityFramework.ctor(0x1196ed8)
#461 UnityFramework.ctor(0x119a25c)
#462 UnityFramework.ctor(0x119b118)
#463 UnityFramework.ctor(0x119b978)
#464 UnityFramework.ctor(0x119c3f8)
#465 UnityFramework.ctor(0x119cd58)
#466 UnityFramework.ctor(0x119d454)
#467 UnityFramework.ctor(0x119f524)
#468 UnityFramework.ctor(0x119f65c)
#469 UnityFramework.ctor(0x11a2c98)
#470 UnityFramework.ctor(0x11a302c)
#471 UnityFramework.ctor(0x11a34fc)
#472 UnityFramework.ctor(0x11a3a38)
#473 UnityFramework.ctor(0x11a4038)
#474 UnityFramework.ctor(0x11a41bc)
#475 UnityFramework.ctor(0x11a436c)
#476 UnityFramework.ctor(0x11a470c)
#477 UnityFramework.ctor(0x11a5bcc)
#478 UnityFramework.ctor(0x11a6508)
#479 UnityFramework.ctor(0x11a7fd0)
#480 UnityFramework.ctor(0x11a9c34)
#481 UnityFramework.ctor(0x11aefdc)
#482 UnityFramework.ctor(0x11afde8)
#483 UnityFramework.ctor(0x11b0028)
#484 UnityFramework.ctor(0x11b76f8)
#485 UnityFramework.ctor(0x11b9ee0)
#486 UnityFramework.ctor(0x11cd7d0)
#487 UnityFramework.ctor(0x11cda28)
#488 UnityFramework.ctor(0x11ce12c)
#489 UnityFramework.ctor(0x11ce7c8)
#490 UnityFramework.ctor(0x11cf330)
#491 UnityFramework.ctor(0x11cf5c4)
#492 UnityFramework.ctor(0x11cf7c4)
#493 UnityFramework.ctor(0x11cf804)
#494 UnityFramework.ctor(0x11cf830)
#495 UnityFramework.ctor(0x11cf92c)
#496 UnityFramework.ctor(0x11cfaa4)
#497 UnityFramework.ctor(0x11cff78)
#498 UnityFramework.ctor(0x11d0548)
#499 UnityFramework.ctor(0x11d0924)
#500 UnityFramework.ctor(0x11d0950)
#501 UnityFramework.ctor(0x11d1358)
#502 UnityFramework.ctor(0x11d188c)
#503 UnityFramework.ctor(0x11d1a30)
#504 UnityFramework.ctor(0x1229b3c)
#505 UnityFramework.ctor(0x122bb98)
#506 UnityFramework.ctor(0x1263adc)
#507 UnityFramework.ctor(0x1291814)
#508 UnityFramework.ctor(0x129e41c)
#509 UnityFramework.ctor(0x12a0d44)
#510 UnityFramework.ctor(0x12a605c)
#511 UnityFramework.ctor(0x12ab07c)
#512 UnityFramework.ctor(0x12ad3a8)
#513 UnityFramework.ctor(0x12ae034)
#514 UnityFramework.ctor(0x12afac8)
#515 UnityFramework.ctor(0x12b50b0)
#516 UnityFramework.ctor(0x12b6dcc)
#517 UnityFramework.ctor(0x12b8e18)
#518 UnityFramework.ctor(0x12bb324)
#519 UnityFramework.ctor(0x12bd650)
#520 UnityFramework.ctor(0x12ca3b0)
#521 UnityFramework.ctor(0x12d0098)
#522 UnityFramework.ctor(0x12d3ee8)
#523 UnityFramework.ctor(0x12daa24)
#524 UnityFramework.ctor(0x12de24c)
#525 UnityFramework.ctor(0x12ef400)
#526 UnityFramework.ctor(0x12f0bcc)
#527 UnityFramework.ctor(0x12f3e90)
#528 UnityFramework.ctor(0x12f5654)
#529 UnityFramework.ctor(0x133fb14)
#530 UnityFramework.ctor(0x13d958c)
#531 UnityFramework.ctor(0x13dddf4)
#532 UnityFramework.ctor(0x13e14d0)
#533 UnityFramework.ctor(0x13f2554)
#534 UnityFramework.ctor(0x13f4020)
#535 UnityFramework.ctor(0x13f58c8)
#536 UnityFramework.ctor(0x140079c)
#537 UnityFramework.ctor(0x140c5fc)
#538 UnityFramework.ctor(0x1410e10)
#539 UnityFramework.ctor(0x1411614)
#540 UnityFramework.ctor(0x141af00)
#541 UnityFramework.ctor(0x141e1a8)
#542 UnityFramework.ctor(0x142457c)
#543 UnityFramework.ctor(0x1424eac)
#544 UnityFramework.ctor(0x1426360)
#545 UnityFramework.ctor(0x14290c4)
#546 UnityFramework.ctor(0x1432668)
#547 UnityFramework.ctor(0x143c80c)
#548 UnityFramework.ctor(0x144be24)
#549 UnityFramework.ctor(0x1450b20)
#550 UnityFramework.ctor(0x1453ff0)
#551 UnityFramework.ctor(0x1491540)
#552 UnityFramework.ctor(0x1491cd0)
#553 UnityFramework.ctor(0x1494eb8)
#554 UnityFramework.ctor(0x14968d0)
#555 UnityFramework.ctor(0x149c9b8)
#556 UnityFramework.ctor(0x149d2ac)
#557 UnityFramework.ctor(0x149f068)
#558 UnityFramework.ctor(0x14a18f0)
#559 UnityFramework.ctor(0x14a2c24)
#560 UnityFramework.ctor(0x14d99d0)
#561 UnityFramework.ctor(0x167dbb0)
[...]
